# JRE version: Java(TM) SE Runtime Environment (8.0_121-b13) (build 1.8.0_121-b13)
# Java VM: Java HotSpot(TM) 64-Bit Server VM (25.121-b13 mixed mode windows-amd64 compressed oops)
Heap:
 PSYoungGen      total 146944K, used 13489K [0x00000000d5580000, 0x00000000e0c00000, 0x0000000100000000)
  eden space 131584K, 10% used [0x00000000d5580000,0x00000000d62ac5b0,0x00000000dd600000)
  from space 15360K, 0% used [0x00000000dfd00000,0x00000000dfd00000,0x00000000e0c00000)
  to   space 8192K, 0% used [0x00000000dd600000,0x00000000dd600000,0x00000000dde00000)
 ParOldGen       total 53248K, used 22235K [0x0000000080000000, 0x0000000083400000, 0x00000000d5580000)
  object space 53248K, 41% used [0x0000000080000000,0x00000000815b6ec8,0x0000000083400000)
 Metaspace       used 36702K, capacity 38390K, committed 38744K, reserved 1085440K
  class space    used 5080K, capacity 5385K, committed 5504K, reserved 1048576K
GC Heap History (10 events):
Event: 8.749 GC heap before
{Heap before GC invocations=12 (full 2):
 PSYoungGen      total 139776K, used 131584K [0x00000000d5580000, 0x00000000e0c00000, 0x0000000100000000)
  eden space 131584K, 100% used [0x00000000d5580000,0x00000000dd600000,0x00000000dd600000)
  from space 8192K, 0% used [0x00000000dd600000,0x00000000dd600000,0x00000000dde00000)
  to   space 15360K, 0% used [0x00000000dfd00000,0x00000000dfd00000,0x00000000e0c00000)
 ParOldGen       total 53248K, used 23055K [0x0000000080000000, 0x0000000083400000, 0x00000000d5580000)
  object space 53248K, 43% used [0x0000000080000000,0x0000000081683e60,0x0000000083400000)
 Metaspace       used 35576K, capacity 37174K, committed 37208K, reserved 1081344K
  class space    used 4891K, capacity 5224K, committed 5248K, reserved 1048576K
Event: 8.760 GC heap after
Heap after GC invocations=12 (full 2):
 PSYoungGen      total 146944K, used 4789K [0x00000000d5580000, 0x00000000e0c00000, 0x0000000100000000)
  eden space 131584K, 0% used [0x00000000d5580000,0x00000000d5580000,0x00000000dd600000)
  from space 15360K, 31% used [0x00000000dfd00000,0x00000000e01ad540,0x00000000e0c00000)
  to   space 8192K, 0% used [0x00000000dd600000,0x00000000dd600000,0x00000000dde00000)
 ParOldGen       total 53248K, used 23063K [0x0000000080000000, 0x0000000083400000, 0x00000000d5580000)
  object space 53248K, 43% used [0x0000000080000000,0x0000000081685e60,0x0000000083400000)
 Metaspace       used 35576K, capacity 37174K, committed 37208K, reserved 1081344K
  class space    used 4891K, capacity 5224K, committed 5248K, reserved 1048576K
}
Event: 9.301 GC heap before
{Heap before GC invocations=13 (full 2):
 PSYoungGen      total 146944K, used 74099K [0x00000000d5580000, 0x00000000e0c00000, 0x0000000100000000)
  eden space 131584K, 52% used [0x00000000d5580000,0x00000000d992fa80,0x00000000dd600000)
  from space 15360K, 31% used [0x00000000dfd00000,0x00000000e01ad540,0x00000000e0c00000)
  to   space 8192K, 0% used [0x00000000dd600000,0x00000000dd600000,0x00000000dde00000)
 ParOldGen       total 53248K, used 23063K [0x0000000080000000, 0x0000000083400000, 0x00000000d5580000)
  object space 53248K, 43% used [0x0000000080000000,0x0000000081685e60,0x0000000083400000)
 Metaspace       used 36717K, capacity 38408K, committed 38488K, reserved 1091584K
  class space    used 5076K, capacity 5424K, committed 5504K, reserved 1048576K
Event: 9.312 GC heap after
Heap after GC invocations=13 (full 2):
 PSYoungGen      total 139776K, used 2691K [0x00000000d5580000, 0x00000000e0c00000, 0x0000000100000000)
  eden space 131584K, 0% used [0x00000000d5580000,0x00000000d5580000,0x00000000dd600000)
  from space 8192K, 32% used [0x00000000dd600000,0x00000000dd8a0dd0,0x00000000dde00000)
  to   space 15360K, 0% used [0x00000000dfd00000,0x00000000dfd00000,0x00000000e0c00000)
 ParOldGen       total 53248K, used 26767K [0x0000000080000000, 0x0000000083400000, 0x00000000d5580000)
  object space 53248K, 50% used [0x0000000080000000,0x0000000081a23e60,0x0000000083400000)
 Metaspace       used 36717K, capacity 38408K, committed 38488K, reserved 1091584K
  class space    used 5076K, capacity 5424K, committed 5504K, reserved 1048576K
}
Event: 9.312 GC heap before
{Heap before GC invocations=14 (full 3):
 PSYoungGen      total 139776K, used 2691K [0x00000000d5580000, 0x00000000e0c00000, 0x0000000100000000)
  eden space 131584K, 0% used [0x00000000d5580000,0x00000000d5580000,0x00000000dd600000)
  from space 8192K, 32% used [0x00000000dd600000,0x00000000dd8a0dd0,0x00000000dde00000)
  to   space 15360K, 0% used [0x00000000dfd00000,0x00000000dfd00000,0x00000000e0c00000)
 ParOldGen       total 53248K, used 26767K [0x0000000080000000, 0x0000000083400000, 0x00000000d5580000)
  object space 53248K, 50% used [0x0000000080000000,0x0000000081a23e60,0x0000000083400000)
 Metaspace       used 36717K, capacity 38408K, committed 38488K, reserved 1091584K
  class space    used 5076K, capacity 5424K, committed 5504K, reserved 1048576K
Event: 9.479 GC heap after
Heap after GC invocations=14 (full 3):
 PSYoungGen      total 139776K, used 0K [0x00000000d5580000, 0x00000000e0c00000, 0x0000000100000000)
  eden space 131584K, 0% used [0x00000000d5580000,0x00000000d5580000,0x00000000dd600000)
  from space 8192K, 0% used [0x00000000dd600000,0x00000000dd600000,0x00000000dde00000)
  to   space 15360K, 0% used [0x00000000dfd00000,0x00000000dfd00000,0x00000000e0c00000)
 ParOldGen       total 53248K, used 27096K [0x0000000080000000, 0x0000000083400000, 0x00000000d5580000)
  object space 53248K, 50% used [0x0000000080000000,0x0000000081a763b8,0x0000000083400000)
 Metaspace       used 36717K, capacity 38408K, committed 38488K, reserved 1085440K
  class space    used 5076K, capacity 5424K, committed 5504K, reserved 1048576K
}
Event: 9.479 GC heap before
{Heap before GC invocations=15 (full 3):
 PSYoungGen      total 139776K, used 0K [0x00000000d5580000, 0x00000000e0c00000, 0x0000000100000000)
  eden space 131584K, 0% used [0x00000000d5580000,0x00000000d5580000,0x00000000dd600000)
  from space 8192K, 0% used [0x00000000dd600000,0x00000000dd600000,0x00000000dde00000)
  to   space 15360K, 0% used [0x00000000dfd00000,0x00000000dfd00000,0x00000000e0c00000)
 ParOldGen       total 53248K, used 27096K [0x0000000080000000, 0x0000000083400000, 0x00000000d5580000)
  object space 53248K, 50% used [0x0000000080000000,0x0000000081a763b8,0x0000000083400000)
 Metaspace       used 36717K, capacity 38408K, committed 38488K, reserved 1089536K
  class space    used 5076K, capacity 5424K, committed 5504K, reserved 1048576K
Event: 9.482 GC heap after
Heap after GC invocations=15 (full 3):
 PSYoungGen      total 146944K, used 0K [0x00000000d5580000, 0x00000000e0c00000, 0x0000000100000000)
  eden space 131584K, 0% used [0x00000000d5580000,0x00000000d5580000,0x00000000dd600000)
  from space 15360K, 0% used [0x00000000dfd00000,0x00000000dfd00000,0x00000000e0c00000)
  to   space 8192K, 0% used [0x00000000dd600000,0x00000000dd600000,0x00000000dde00000)
 ParOldGen       total 53248K, used 27096K [0x0000000080000000, 0x0000000083400000, 0x00000000d5580000)
  object space 53248K, 50% used [0x0000000080000000,0x0000000081a763b8,0x0000000083400000)
 Metaspace       used 36717K, capacity 38408K, committed 38488K, reserved 1089536K
  class space    used 5076K, capacity 5424K, committed 5504K, reserved 1048576K
}
Event: 9.482 GC heap before
{Heap before GC invocations=16 (full 4):
 PSYoungGen      total 146944K, used 0K [0x00000000d5580000, 0x00000000e0c00000, 0x0000000100000000)
  eden space 131584K, 0% used [0x00000000d5580000,0x00000000d5580000,0x00000000dd600000)
  from space 15360K, 0% used [0x00000000dfd00000,0x00000000dfd00000,0x00000000e0c00000)
  to   space 8192K, 0% used [0x00000000dd600000,0x00000000dd600000,0x00000000dde00000)
 ParOldGen       total 53248K, used 27096K [0x0000000080000000, 0x0000000083400000, 0x00000000d5580000)
  object space 53248K, 50% used [0x0000000080000000,0x0000000081a763b8,0x0000000083400000)
 Metaspace       used 36717K, capacity 38408K, committed 38488K, reserved 1089536K
  class space    used 5076K, capacity 5424K, committed 5504K, reserved 1048576K
Event: 9.623 GC heap after
Heap after GC invocations=16 (full 4):
 PSYoungGen      total 146944K, used 0K [0x00000000d5580000, 0x00000000e0c00000, 0x0000000100000000)
  eden space 131584K, 0% used [0x00000000d5580000,0x00000000d5580000,0x00000000dd600000)
  from space 15360K, 0% used [0x00000000dfd00000,0x00000000dfd00000,0x00000000e0c00000)
  to   space 8192K, 0% used [0x00000000dd600000,0x00000000dd600000,0x00000000dde00000)
 ParOldGen       total 53248K, used 22235K [0x0000000080000000, 0x0000000083400000, 0x00000000d5580000)
  object space 53248K, 41% used [0x0000000080000000,0x00000000815b6ec8,0x0000000083400000)
 Metaspace       used 36444K, capacity 37968K, committed 38488K, reserved 1085440K
  class space    used 5033K, capacity 5346K, committed 5504K, reserved 1048576K
}

